<?xml version="1.0" encoding="UTF-8"?>
<beans xmlns="http://www.springframework.org/schema/beans"
	   xmlns:xsi="http://www.w3.org/2001/XMLSchema-instance"
	   xmlns:mvc="http://www.springframework.org/schema/mvc"
	   xmlns:aop="http://www.springframework.org/schema/aop"
	   xmlns:context="http://www.springframework.org/schema/context"
	   xmlns:flow="http://www.springframework.org/schema/webflow-config"
	   xmlns:jms="http://www.springframework.org/schema/jms"
	   xmlns:jee="http://www.springframework.org/schema/jee"
	   xmlns:lang="http://www.springframework.org/schema/lang"
	   xmlns:tx="http://www.springframework.org/schema/tx"
	   xmlns:util="http://www.springframework.org/schema/util"
	   xmlns:p="http://www.springframework.org/schema/p"
	   xsi:schemaLocation="http://www.springframework.org/schema/beans http://www.springframework.org/schema/beans/spring-beans-3.2.xsd
	   http://www.springframework.org/schema/mvc http://www.springframework.org/schema/mvc/spring-mvc-3.2.xsd
	   http://www.springframework.org/schema/aop http://www.springframework.org/schema/aop/spring-aop-3.2.xsd
	   http://www.springframework.org/schema/context http://www.springframework.org/schema/context/spring-context-3.2.xsd
	   http://www.springframework.org/schema/webflow-config http://www.springframework.org/schema/webflow-config/spring-webflow-config-2.3.xsd
	   http://www.springframework.org/schema/jms http://www.springframework.org/schema/jms/spring-jms-3.2.xsd
	   http://www.springframework.org/schema/jee http://www.springframework.org/schema/jee/spring-jee-3.2.xsd
	   http://www.springframework.org/schema/lang http://www.springframework.org/schema/lang/spring-lang-3.2.xsd
	   http://www.springframework.org/schema/tx http://www.springframework.org/schema/tx/spring-tx-3.2.xsd
	   http://www.springframework.org/schema/util http://www.springframework.org/schema/util/spring-util-3.2.xsd">

	<!-- configuration properties that will be interpolated via Spring's PropertyPlaceholderConfigurer -->
	<bean id="propertyConfigurer" class="org.springframework.beans.factory.config.PropertyPlaceholderConfigurer">
		<property name="propertiesArray">
			<list>
				<bean class="org.springframework.beans.factory.config.PropertiesFactoryBean">
					<property name="locations">
						<util:list>
							<value>classpath:/properties/image-manager-config.properties</value>
						</util:list>
					</property>
				</bean>
			</list>
		</property>
		<property name="ignoreUnresolvablePlaceholders" value="false"/>
	</bean>

	<bean name="imageUtils" class="net.raescott.ImageUtils" />

</beans>